build/app/intermediates/manifest_merge_blame_file/release/manifest-merger-blame-release-report.txt
1<?xml version="1.0" encoding="utf-8"?>
2<manifest xmlns:android="http://schemas.android.com/apk/res/android"
3    package="com.anandnet.harmonymusic"
4    android:versionCode="18"
5    android:versionName="1.10.2" >
6
7    <uses-sdk
8        android:minSdkVersion="21"
8-->src/main/AndroidManifest.xml
9        android:targetSdkVersion="34" />
9-->src/main/AndroidManifest.xml
10
11    <uses-permission android:name="android.permission.WRITE_EXTERNAL_STORAGE" />
11-->src/main/AndroidManifest.xml:94:5-81
11-->src/main/AndroidManifest.xml:94:22-78
12    <uses-permission
12-->src/main/AndroidManifest.xml:95:5-80
13        android:name="android.permission.READ_EXTERNAL_STORAGE"
13-->src/main/AndroidManifest.xml:95:22-77
14        android:maxSdkVersion="32" />
14-->[:file_picker] AndroidManifest.xml:11:9-35
15    <uses-permission android:name="android.permission.MANAGE_EXTERNAL_STORAGE" />
15-->src/main/AndroidManifest.xml:96:5-110
15-->src/main/AndroidManifest.xml:96:22-79
16    <uses-permission android:name="android.permission.WAKE_LOCK" />
16-->src/main/AndroidManifest.xml:97:5-67
16-->src/main/AndroidManifest.xml:97:22-65
17    <uses-permission android:name="android.permission.FOREGROUND_SERVICE" />
17-->src/main/AndroidManifest.xml:98:5-76
17-->src/main/AndroidManifest.xml:98:22-74
18    <uses-permission android:name="android.permission.FOREGROUND_SERVICE_MEDIA_PLAYBACK" />
18-->src/main/AndroidManifest.xml:99:5-91
18-->src/main/AndroidManifest.xml:99:22-89
19    <uses-permission android:name="android.permission.INTERNET" />
19-->src/main/AndroidManifest.xml:100:5-66
19-->src/main/AndroidManifest.xml:100:22-64
20    <uses-permission android:name="android.permission.REQUEST_IGNORE_BATTERY_OPTIMIZATIONS" />
20-->src/main/AndroidManifest.xml:101:5-94
20-->src/main/AndroidManifest.xml:101:22-92
21
22    <queries>
22-->[:file_picker] AndroidManifest.xml:13:5-19:15
23        <intent>
23-->[:file_picker] AndroidManifest.xml:14:9-18:18
24            <action android:name="android.intent.action.GET_CONTENT" />
24-->[:file_picker] AndroidManifest.xml:15:13-72
24-->[:file_picker] AndroidManifest.xml:15:21-69
25
26            <data android:mimeType="*/*" />
26-->src/main/AndroidManifest.xml:40:17-81
26-->src/main/AndroidManifest.xml:50:23-52
27        </intent>
28        <intent>
28-->[androidx.media2:media2-session:1.2.1] AndroidManifest.xml:25:9-27:18
29            <action android:name="android.media.browse.MediaBrowserService" />
29-->src/main/AndroidManifest.xml:80:13-79
29-->src/main/AndroidManifest.xml:80:21-76
30        </intent>
31        <intent>
31-->[androidx.media2:media2-session:1.2.1] AndroidManifest.xml:28:9-30:18
32            <action android:name="androidx.media2.session.MediaSessionService" />
32-->[androidx.media2:media2-session:1.2.1] AndroidManifest.xml:29:13-82
32-->[androidx.media2:media2-session:1.2.1] AndroidManifest.xml:29:21-79
33        </intent>
34        <intent>
34-->[androidx.media2:media2-session:1.2.1] AndroidManifest.xml:31:9-33:18
35            <action android:name="androidx.media2.session.MediaLibraryService" />
35-->[androidx.media2:media2-session:1.2.1] AndroidManifest.xml:32:13-82
35-->[androidx.media2:media2-session:1.2.1] AndroidManifest.xml:32:21-79
36        </intent>
37    </queries>
38
39    <uses-permission android:name="android.permission.ACCESS_NETWORK_STATE" />
39-->[com.google.android.exoplayer:exoplayer-core:2.18.7] AndroidManifest.xml:24:5-79
39-->[com.google.android.exoplayer:exoplayer-core:2.18.7] AndroidManifest.xml:24:22-76
40
41    <permission
41-->[androidx.core:core:1.13.1] AndroidManifest.xml:22:5-24:47
42        android:name="com.anandnet.harmonymusic.DYNAMIC_RECEIVER_NOT_EXPORTED_PERMISSION"
42-->[androidx.core:core:1.13.1] AndroidManifest.xml:23:9-81
43        android:protectionLevel="signature" />
43-->[androidx.core:core:1.13.1] AndroidManifest.xml:24:9-44
44
45    <uses-permission android:name="com.anandnet.harmonymusic.DYNAMIC_RECEIVER_NOT_EXPORTED_PERMISSION" />
45-->[androidx.core:core:1.13.1] AndroidManifest.xml:26:5-97
45-->[androidx.core:core:1.13.1] AndroidManifest.xml:26:22-94
46
47    <application
48        android:name="android.app.Application"
48-->src/main/AndroidManifest.xml:6:9-42
49        android:appComponentFactory="androidx.core.app.CoreComponentFactory"
49-->[androidx.core:core:1.13.1] AndroidManifest.xml:28:18-86
50        android:icon="@mipmap/ic_launcher"
50-->src/main/AndroidManifest.xml:7:9-43
51        android:label="Harmony Music"
51-->src/main/AndroidManifest.xml:5:9-38
52        android:requestLegacyExternalStorage="true"
52-->src/main/AndroidManifest.xml:9:9-52
53        android:usesCleartextTraffic="true" >
53-->src/main/AndroidManifest.xml:8:9-44
54        <activity
54-->src/main/AndroidManifest.xml:10:9-63:20
55            android:name="com.ryanheise.audioservice.AudioServiceActivity"
55-->src/main/AndroidManifest.xml:11:13-75
56            android:configChanges="orientation|keyboardHidden|keyboard|screenSize|smallestScreenSize|locale|layoutDirection|fontScale|screenLayout|density|uiMode"
56-->src/main/AndroidManifest.xml:15:13-163
57            android:exported="true"
57-->src/main/AndroidManifest.xml:12:13-36
58            android:hardwareAccelerated="true"
58-->src/main/AndroidManifest.xml:16:13-47
59            android:launchMode="singleInstance"
59-->src/main/AndroidManifest.xml:13:13-48
60            android:theme="@style/LaunchTheme"
60-->src/main/AndroidManifest.xml:14:13-47
61            android:windowSoftInputMode="adjustResize" >
61-->src/main/AndroidManifest.xml:17:13-55
62
63            <!--
64                 Specifies an Android theme to apply to this Activity as soon as
65                 the Android process has started. This theme is visible to the user
66                 while the Flutter UI initializes. After that, this theme continues
67                 to determine the Window background behind the Flutter UI.
68            -->
69            <meta-data
69-->src/main/AndroidManifest.xml:22:13-25:17
70                android:name="io.flutter.embedding.android.NormalTheme"
70-->src/main/AndroidManifest.xml:23:15-70
71                android:resource="@style/NormalTheme" />
71-->src/main/AndroidManifest.xml:24:15-52
72            <meta-data
72-->src/main/AndroidManifest.xml:26:13-28:38
73                android:name="io.flutter.embedding.android.EnableImpeller"
73-->src/main/AndroidManifest.xml:27:15-73
74                android:value="true" />
74-->src/main/AndroidManifest.xml:28:15-35
75
76            <intent-filter>
76-->src/main/AndroidManifest.xml:30:13-33:29
77                <action android:name="android.intent.action.MAIN" />
77-->src/main/AndroidManifest.xml:31:17-68
77-->src/main/AndroidManifest.xml:31:25-66
78
79                <category android:name="android.intent.category.LAUNCHER" />
79-->src/main/AndroidManifest.xml:32:17-76
79-->src/main/AndroidManifest.xml:32:27-74
80            </intent-filter>
81
82            <!-- App Link plugin intent-filter -->
83            <intent-filter android:autoVerify="true" >
83-->src/main/AndroidManifest.xml:36:13-45:29
83-->src/main/AndroidManifest.xml:36:28-53
84                <action android:name="android.intent.action.VIEW" />
84-->src/main/AndroidManifest.xml:37:17-69
84-->src/main/AndroidManifest.xml:37:25-66
85
86                <category android:name="android.intent.category.BROWSABLE" />
86-->src/main/AndroidManifest.xml:38:17-78
86-->src/main/AndroidManifest.xml:38:27-75
87                <category android:name="android.intent.category.DEFAULT" />
87-->src/main/AndroidManifest.xml:39:17-76
87-->src/main/AndroidManifest.xml:39:27-73
88
89                <data
89-->src/main/AndroidManifest.xml:40:17-81
90                    android:host="music.youtube.com"
90-->src/main/AndroidManifest.xml:40:46-78
91                    android:scheme="https" />
91-->src/main/AndroidManifest.xml:40:23-45
92                <data
92-->src/main/AndroidManifest.xml:40:17-81
93                    android:host="m.youtube.com"
93-->src/main/AndroidManifest.xml:40:46-78
94                    android:scheme="https" />
94-->src/main/AndroidManifest.xml:40:23-45
95                <data
95-->src/main/AndroidManifest.xml:40:17-81
96                    android:host="www.youtube.com"
96-->src/main/AndroidManifest.xml:40:46-78
97                    android:scheme="https" />
97-->src/main/AndroidManifest.xml:40:23-45
98                <data
98-->src/main/AndroidManifest.xml:40:17-81
99                    android:host="youtu.be"
99-->src/main/AndroidManifest.xml:40:46-78
100                    android:scheme="https" />
100-->src/main/AndroidManifest.xml:40:23-45
101                <data
101-->src/main/AndroidManifest.xml:40:17-81
102                    android:host="youtube.com"
102-->src/main/AndroidManifest.xml:40:46-78
103                    android:scheme="https" />
103-->src/main/AndroidManifest.xml:40:23-45
104            </intent-filter>
105            <intent-filter>
105-->src/main/AndroidManifest.xml:47:13-51:29
106                <action android:name="android.intent.action.SEND" />
106-->src/main/AndroidManifest.xml:48:17-69
106-->src/main/AndroidManifest.xml:48:25-66
107
108                <category android:name="android.intent.category.DEFAULT" />
108-->src/main/AndroidManifest.xml:39:17-76
108-->src/main/AndroidManifest.xml:39:27-73
109
110                <data android:mimeType="text/plain" />
110-->src/main/AndroidManifest.xml:40:17-81
110-->src/main/AndroidManifest.xml:50:23-52
111            </intent-filter>
112            <intent-filter>
112-->src/main/AndroidManifest.xml:36:13-45:29
113                <action android:name="android.intent.action.VIEW" />
113-->src/main/AndroidManifest.xml:37:17-69
113-->src/main/AndroidManifest.xml:37:25-66
114
115                <category android:name="android.intent.category.BROWSABLE" />
115-->src/main/AndroidManifest.xml:38:17-78
115-->src/main/AndroidManifest.xml:38:27-75
116                <category android:name="android.intent.category.DEFAULT" />
116-->src/main/AndroidManifest.xml:39:17-76
116-->src/main/AndroidManifest.xml:39:27-73
117
118                <data
118-->src/main/AndroidManifest.xml:40:17-81
119                    android:host="music.youtube.com"
119-->src/main/AndroidManifest.xml:40:46-78
120                    android:scheme="https" />
120-->src/main/AndroidManifest.xml:40:23-45
121                <data
121-->src/main/AndroidManifest.xml:40:17-81
122                    android:host="m.youtube.com"
122-->src/main/AndroidManifest.xml:40:46-78
123                    android:scheme="https" />
123-->src/main/AndroidManifest.xml:40:23-45
124                <data
124-->src/main/AndroidManifest.xml:40:17-81
125                    android:host="www.youtube.com"
125-->src/main/AndroidManifest.xml:40:46-78
126                    android:scheme="https" />
126-->src/main/AndroidManifest.xml:40:23-45
127                <data
127-->src/main/AndroidManifest.xml:40:17-81
128                    android:host="youtu.be"
128-->src/main/AndroidManifest.xml:40:46-78
129                    android:scheme="https" />
129-->src/main/AndroidManifest.xml:40:23-45
130                <data
130-->src/main/AndroidManifest.xml:40:17-81
131                    android:host="youtube.com"
131-->src/main/AndroidManifest.xml:40:46-78
132                    android:scheme="https" />
132-->src/main/AndroidManifest.xml:40:23-45
133            </intent-filter>
134        </activity>
135        <!--
136             Don't delete the meta-data below.
137             This is used by the Flutter tool to generate GeneratedPluginRegistrant.java
138        -->
139        <meta-data
139-->src/main/AndroidManifest.xml:66:9-68:33
140            android:name="flutterEmbedding"
140-->src/main/AndroidManifest.xml:67:13-44
141            android:value="2" />
141-->src/main/AndroidManifest.xml:68:13-30
142        <meta-data
142-->src/main/AndroidManifest.xml:70:9-72:59
143            android:name="com.google.android.gms.car.application"
143-->src/main/AndroidManifest.xml:71:13-66
144            android:resource="@xml/automotive_app_desc" />
144-->src/main/AndroidManifest.xml:72:13-56
145
146        <service
146-->src/main/AndroidManifest.xml:74:9-82:19
147            android:name="com.ryanheise.audioservice.AudioService"
147-->src/main/AndroidManifest.xml:75:13-67
148            android:exported="true"
148-->src/main/AndroidManifest.xml:77:13-36
149            android:foregroundServiceType="mediaPlayback" >
149-->src/main/AndroidManifest.xml:76:13-58
150            <intent-filter>
150-->src/main/AndroidManifest.xml:79:9-81:25
151                <action android:name="android.media.browse.MediaBrowserService" />
151-->src/main/AndroidManifest.xml:80:13-79
151-->src/main/AndroidManifest.xml:80:21-76
152            </intent-filter>
153        </service>
154
155        <receiver
155-->src/main/AndroidManifest.xml:84:9-91:20
156            android:name="com.ryanheise.audioservice.MediaButtonReceiver"
156-->src/main/AndroidManifest.xml:85:13-74
157            android:exported="true" >
157-->src/main/AndroidManifest.xml:86:13-36
158            <intent-filter>
158-->src/main/AndroidManifest.xml:88:9-90:25
159                <action android:name="android.intent.action.MEDIA_BUTTON" />
159-->src/main/AndroidManifest.xml:89:13-73
159-->src/main/AndroidManifest.xml:89:21-70
160            </intent-filter>
161        </receiver>
162
163        <!--
164           Declares a provider which allows us to store files to share in
165           '.../caches/share_plus' and grant the receiving action access
166        -->
167        <provider
167-->[:share_plus] AndroidManifest.xml:15:9-23:20
168            android:name="dev.fluttercommunity.plus.share.ShareFileProvider"
168-->[:share_plus] AndroidManifest.xml:16:13-77
169            android:authorities="com.anandnet.harmonymusic.flutter.share_provider"
169-->[:share_plus] AndroidManifest.xml:17:13-74
170            android:exported="false"
170-->[:share_plus] AndroidManifest.xml:18:13-37
171            android:grantUriPermissions="true" >
171-->[:share_plus] AndroidManifest.xml:19:13-47
172            <meta-data
172-->[:share_plus] AndroidManifest.xml:20:13-22:68
173                android:name="android.support.FILE_PROVIDER_PATHS"
173-->[:share_plus] AndroidManifest.xml:21:17-67
174                android:resource="@xml/flutter_share_file_paths" />
174-->[:share_plus] AndroidManifest.xml:22:17-65
175        </provider>
176        <!--
177           This manifest declared broadcast receiver allows us to use an explicit
178           Intent when creating a PendingItent to be informed of the user's choice
179        -->
180        <receiver
180-->[:share_plus] AndroidManifest.xml:28:9-34:20
181            android:name="dev.fluttercommunity.plus.share.SharePlusPendingIntent"
181-->[:share_plus] AndroidManifest.xml:29:13-82
182            android:exported="false" >
182-->[:share_plus] AndroidManifest.xml:30:13-37
183            <intent-filter>
183-->[:share_plus] AndroidManifest.xml:31:13-33:29
184                <action android:name="EXTRA_CHOSEN_COMPONENT" />
184-->[:share_plus] AndroidManifest.xml:32:17-65
184-->[:share_plus] AndroidManifest.xml:32:25-62
185            </intent-filter>
186        </receiver>
187
188        <activity
188-->[:url_launcher_android] AndroidManifest.xml:10:9-13:74
189            android:name="io.flutter.plugins.urllauncher.WebViewActivity"
189-->[:url_launcher_android] AndroidManifest.xml:11:13-74
190            android:exported="false"
190-->[:url_launcher_android] AndroidManifest.xml:12:13-37
191            android:theme="@android:style/Theme.NoTitleBar.Fullscreen" />
191-->[:url_launcher_android] AndroidManifest.xml:13:13-71
192
193        <uses-library
193-->[androidx.window:window:1.2.0] AndroidManifest.xml:23:9-25:40
194            android:name="androidx.window.extensions"
194-->[androidx.window:window:1.2.0] AndroidManifest.xml:24:13-54
195            android:required="false" />
195-->[androidx.window:window:1.2.0] AndroidManifest.xml:25:13-37
196        <uses-library
196-->[androidx.window:window:1.2.0] AndroidManifest.xml:26:9-28:40
197            android:name="androidx.window.sidecar"
197-->[androidx.window:window:1.2.0] AndroidManifest.xml:27:13-51
198            android:required="false" />
198-->[androidx.window:window:1.2.0] AndroidManifest.xml:28:13-37
199
200        <provider
200-->[androidx.lifecycle:lifecycle-process:2.7.0] AndroidManifest.xml:24:9-32:20
201            android:name="androidx.startup.InitializationProvider"
201-->[androidx.lifecycle:lifecycle-process:2.7.0] AndroidManifest.xml:25:13-67
202            android:authorities="com.anandnet.harmonymusic.androidx-startup"
202-->[androidx.lifecycle:lifecycle-process:2.7.0] AndroidManifest.xml:26:13-68
203            android:exported="false" >
203-->[androidx.lifecycle:lifecycle-process:2.7.0] AndroidManifest.xml:27:13-37
204            <meta-data
204-->[androidx.lifecycle:lifecycle-process:2.7.0] AndroidManifest.xml:29:13-31:52
205                android:name="androidx.lifecycle.ProcessLifecycleInitializer"
205-->[androidx.lifecycle:lifecycle-process:2.7.0] AndroidManifest.xml:30:17-78
206                android:value="androidx.startup" />
206-->[androidx.lifecycle:lifecycle-process:2.7.0] AndroidManifest.xml:31:17-49
207            <meta-data
207-->[androidx.profileinstaller:profileinstaller:1.3.1] AndroidManifest.xml:29:13-31:52
208                android:name="androidx.profileinstaller.ProfileInstallerInitializer"
208-->[androidx.profileinstaller:profileinstaller:1.3.1] AndroidManifest.xml:30:17-85
209                android:value="androidx.startup" />
209-->[androidx.profileinstaller:profileinstaller:1.3.1] AndroidManifest.xml:31:17-49
210        </provider>
211
212        <receiver
212-->[androidx.profileinstaller:profileinstaller:1.3.1] AndroidManifest.xml:34:9-52:20
213            android:name="androidx.profileinstaller.ProfileInstallReceiver"
213-->[androidx.profileinstaller:profileinstaller:1.3.1] AndroidManifest.xml:35:13-76
214            android:directBootAware="false"
214-->[androidx.profileinstaller:profileinstaller:1.3.1] AndroidManifest.xml:36:13-44
215            android:enabled="true"
215-->[androidx.profileinstaller:profileinstaller:1.3.1] AndroidManifest.xml:37:13-35
216            android:exported="true"
216-->[androidx.profileinstaller:profileinstaller:1.3.1] AndroidManifest.xml:38:13-36
217            android:permission="android.permission.DUMP" >
217-->[androidx.profileinstaller:profileinstaller:1.3.1] AndroidManifest.xml:39:13-57
218            <intent-filter>
218-->[androidx.profileinstaller:profileinstaller:1.3.1] AndroidManifest.xml:40:13-42:29
219                <action android:name="androidx.profileinstaller.action.INSTALL_PROFILE" />
219-->[androidx.profileinstaller:profileinstaller:1.3.1] AndroidManifest.xml:41:17-91
219-->[androidx.profileinstaller:profileinstaller:1.3.1] AndroidManifest.xml:41:25-88
220            </intent-filter>
221            <intent-filter>
221-->[androidx.profileinstaller:profileinstaller:1.3.1] AndroidManifest.xml:43:13-45:29
222                <action android:name="androidx.profileinstaller.action.SKIP_FILE" />
222-->[androidx.profileinstaller:profileinstaller:1.3.1] AndroidManifest.xml:44:17-85
222-->[androidx.profileinstaller:profileinstaller:1.3.1] AndroidManifest.xml:44:25-82
223            </intent-filter>
224            <intent-filter>
224-->[androidx.profileinstaller:profileinstaller:1.3.1] AndroidManifest.xml:46:13-48:29
225                <action android:name="androidx.profileinstaller.action.SAVE_PROFILE" />
225-->[androidx.profileinstaller:profileinstaller:1.3.1] AndroidManifest.xml:47:17-88
225-->[androidx.profileinstaller:profileinstaller:1.3.1] AndroidManifest.xml:47:25-85
226            </intent-filter>
227            <intent-filter>
227-->[androidx.profileinstaller:profileinstaller:1.3.1] AndroidManifest.xml:49:13-51:29
228                <action android:name="androidx.profileinstaller.action.BENCHMARK_OPERATION" />
228-->[androidx.profileinstaller:profileinstaller:1.3.1] AndroidManifest.xml:50:17-95
228-->[androidx.profileinstaller:profileinstaller:1.3.1] AndroidManifest.xml:50:25-92
229            </intent-filter>
230        </receiver>
231    </application>
232
233</manifest>